<?xml version="1.0" encoding="UTF-8"?>
<testsuite name="com.thoughtworks.rectangle.RectangleTest" tests="2" skipped="0" failures="0" errors="0" timestamp="2024-05-31T13:52:10" hostname="gurushifu-gurushifugitp-xgl6hlosdsj" time="0.021">
  <properties/>
  <testcase name="shouldReturnPerimeterWhenLengthAndBreadthAreGiven()" classname="com.thoughtworks.rectangle.RectangleTest" time="0.018"/>
  <testcase name="shouldReturnAreaWhenLengthAndBreadthAreGiven()" classname="com.thoughtworks.rectangle.RectangleTest" time="0.001"/>
  <system-out><![CDATA[]]></system-out>
  <system-err><![CDATA[]]></system-err>
</testsuite>
